<?xml version="1.0" encoding="UTF-8"?>
<!-- Generated by org.testng.reporters.JUnitReportReporter -->
<testsuite skipped="0" hostname="ip-172-31-22-110" name="com.simplilearn2.tests1.Tests1" tests="1" failures="0" timestamp="2021-10-24T07:34:31 UTC" time="0.009" errors="0">
  <testcase name="Test1" time="0.009" classname="com.simplilearn2.tests1.Tests1"/>
  <system-out/>
</testsuite> <!-- com.simplilearn2.tests1.Tests1 -->
