<?xml version="1.0" encoding="UTF-8"?>
<!-- Generated by org.testng.reporters.JUnitReportReporter -->
<testsuite skipped="0" hostname="ip-172-31-22-110" name="com.simplilearn.ResetPasswordTests" tests="2" failures="0" timestamp="2021-10-23T07:28:09 UTC" time="0.003" errors="0">
  <testcase name="testUserIsAbleToResetPasswordViaSMS" time="0.001" classname="com.simplilearn.ResetPasswordTests"/>
  <system-out/>
  <testcase name="testUserIsAbleToResetPasswordViaEmail" time="0.002" classname="com.simplilearn.ResetPasswordTests"/>
  <system-out/>
</testsuite> <!-- com.simplilearn.ResetPasswordTests -->
