<?xml version="1.0" encoding="UTF-8"?>
<!-- Generated by org.testng.reporters.JUnitReportReporter -->
<testsuite skipped="0" hostname="ip-172-31-22-110" name="com.simplilearn.MyTest" tests="2" failures="0" timestamp="2021-10-23T06:22:25 UTC" time="0.015" errors="0">
  <testcase name="test1_2" time="0.002" classname="com.simplilearn.MyTest"/>
  <system-out/>
  <testcase name="test1_1" time="0.013" classname="com.simplilearn.MyTest"/>
  <system-out/>
</testsuite> <!-- com.simplilearn.MyTest -->
